@storybook/cli v7.0.6

info => Cleaning outputDir: /var/folders/f7/97047k1s2xl8rmkx3cgp54qh0000gn/T/chromatic--62240-9t1plKWX1RBf
info => Loading presets
info => Building manager..
info => Manager built (86 ms)
info => Copying static files: /Users/asuka.t/Documents/work_local/storybook_tutorial/taskbox/node_modules/@storybook/manager/static at /var/folders/f7/97047k1s2xl8rmkx3cgp54qh0000gn/T/chromatic--62240-9t1plKWX1RBf/sb-common-assets
info => Copying static files: /Users/asuka.t/Documents/work_local/storybook_tutorial/taskbox/public at /var/folders/f7/97047k1s2xl8rmkx3cgp54qh0000gn/T/chromatic--62240-9t1plKWX1RBf/
vite v4.2.2 building for production...

./sb-common-assets/fonts.css doesn't exist at build time, it will remain unchanged to be resolved at runtime
transforming...
Use of eval in "node_modules/telejson/dist/index.mjs" is strongly discouraged as it poses security risks and may cause issues with minification.
Use of eval in "node_modules/telejson/dist/index.mjs" is strongly discouraged as it poses security risks and may cause issues with minification.
✓ 1671 modules transformed.
rendering chunks...
warnings when minifying css:
▲ [WARNING] CSS nesting syntax is not supported in the configured target environment ("chrome87", "edge88", "es2020", "firefox78", "safari14") [unsupported-css-nesting]

    <stdin>:36:2:
      36 │   *vertical-align: middle;
         ╵   ^


▲ [WARNING] Expected identifier but found whitespace [css-syntax-error]

    <stdin>:36:18:
      36 │   *vertical-align: middle;
         ╵                   ^


▲ [WARNING] Unexpected ";" [css-syntax-error]

    <stdin>:36:25:
      36 │   *vertical-align: middle;
         ╵                          ^


computing gzip size...
../../../../../../var/folders/f7/97047k1s2xl8rmkx3cgp54qh0000gn/T/chromatic--62240-9t1plKWX1RBf/iframe.html                                          12.58 kB
../../../../../../var/folders/f7/97047k1s2xl8rmkx3cgp54qh0000gn/T/chromatic--62240-9t1plKWX1RBf/assets/percolate-dac75269.ttf                        34.04 kB
../../../../../../var/folders/f7/97047k1s2xl8rmkx3cgp54qh0000gn/T/chromatic--62240-9t1plKWX1RBf/assets/percolate-ec979d96.woff                       34.11 kB
../../../../../../var/folders/f7/97047k1s2xl8rmkx3cgp54qh0000gn/T/chromatic--62240-9t1plKWX1RBf/assets/percolate-5ed633c2.eot                        34.21 kB
../../../../../../var/folders/f7/97047k1s2xl8rmkx3cgp54qh0000gn/T/chromatic--62240-9t1plKWX1RBf/assets/percolate-d13fa91b.svg                       140.51 kB
../../../../../../var/folders/f7/97047k1s2xl8rmkx3cgp54qh0000gn/T/chromatic--62240-9t1plKWX1RBf/assets/preview-7623e708.css                           6.91 kB │ gzip:   2.07 kB
../../../../../../var/folders/f7/97047k1s2xl8rmkx3cgp54qh0000gn/T/chromatic--62240-9t1plKWX1RBf/assets/index-d475d2ea.js                              0.21 kB │ gzip:   0.17 kB │ map:     0.85 kB
../../../../../../var/folders/f7/97047k1s2xl8rmkx3cgp54qh0000gn/T/chromatic--62240-9t1plKWX1RBf/assets/_commonjs-dynamic-modules-302442b1.js          0.30 kB │ gzip:   0.24 kB │ map:     0.12 kB
../../../../../../var/folders/f7/97047k1s2xl8rmkx3cgp54qh0000gn/T/chromatic--62240-9t1plKWX1RBf/assets/WithTooltip-FBT32F6Q-6a19c175.js               0.55 kB │ gzip:   0.32 kB │ map:     0.11 kB
../../../../../../var/folders/f7/97047k1s2xl8rmkx3cgp54qh0000gn/T/chromatic--62240-9t1plKWX1RBf/assets/syntaxhighlighter-QTQ2UBB4-686ccd08.js         0.57 kB │ gzip:   0.35 kB │ map:     0.12 kB
../../../../../../var/folders/f7/97047k1s2xl8rmkx3cgp54qh0000gn/T/chromatic--62240-9t1plKWX1RBf/assets/index-6d7aa4ee.js                              0.62 kB │ gzip:   0.38 kB │ map:     4.30 kB
../../../../../../var/folders/f7/97047k1s2xl8rmkx3cgp54qh0000gn/T/chromatic--62240-9t1plKWX1RBf/assets/preview-0435c720.js                            0.69 kB │ gzip:   0.49 kB │ map:     3.89 kB
../../../../../../var/folders/f7/97047k1s2xl8rmkx3cgp54qh0000gn/T/chromatic--62240-9t1plKWX1RBf/assets/_commonjsHelpers-042e6b4d.js                   0.78 kB │ gzip:   0.44 kB │ map:     0.11 kB
../../../../../../var/folders/f7/97047k1s2xl8rmkx3cgp54qh0000gn/T/chromatic--62240-9t1plKWX1RBf/assets/index-4d501b15.js                              0.80 kB │ gzip:   0.52 kB │ map:     4.17 kB
../../../../../../var/folders/f7/97047k1s2xl8rmkx3cgp54qh0000gn/T/chromatic--62240-9t1plKWX1RBf/assets/index-356e4a49.js                              0.81 kB │ gzip:   0.51 kB │ map:     3.28 kB
../../../../../../var/folders/f7/97047k1s2xl8rmkx3cgp54qh0000gn/T/chromatic--62240-9t1plKWX1RBf/assets/preview-014af7ba.js                            0.83 kB │ gzip:   0.49 kB │ map:     1.30 kB
../../../../../../var/folders/f7/97047k1s2xl8rmkx3cgp54qh0000gn/T/chromatic--62240-9t1plKWX1RBf/assets/preview-b1164a2e.js                            0.88 kB │ gzip:   0.58 kB │ map:     2.94 kB
../../../../../../var/folders/f7/97047k1s2xl8rmkx3cgp54qh0000gn/T/chromatic--62240-9t1plKWX1RBf/assets/preview-4343e228.js                            1.06 kB │ gzip:   0.69 kB │ map:     3.18 kB
../../../../../../var/folders/f7/97047k1s2xl8rmkx3cgp54qh0000gn/T/chromatic--62240-9t1plKWX1RBf/assets/preview-bb5acd95.js                            2.38 kB │ gzip:   1.26 kB │ map:    10.44 kB
../../../../../../var/folders/f7/97047k1s2xl8rmkx3cgp54qh0000gn/T/chromatic--62240-9t1plKWX1RBf/assets/index-d37d4223.js                              2.63 kB │ gzip:   1.30 kB │ map:     7.49 kB
../../../../../../var/folders/f7/97047k1s2xl8rmkx3cgp54qh0000gn/T/chromatic--62240-9t1plKWX1RBf/assets/preview-f96f0111.js                            3.29 kB │ gzip:   1.41 kB │ map:    10.14 kB
../../../../../../var/folders/f7/97047k1s2xl8rmkx3cgp54qh0000gn/T/chromatic--62240-9t1plKWX1RBf/assets/Task.stories-70e1066b.js                       3.75 kB │ gzip:   1.59 kB │ map:     5.09 kB
../../../../../../var/folders/f7/97047k1s2xl8rmkx3cgp54qh0000gn/T/chromatic--62240-9t1plKWX1RBf/assets/preview-65a648b5.js                            3.78 kB │ gzip:   1.80 kB │ map:    14.62 kB
../../../../../../var/folders/f7/97047k1s2xl8rmkx3cgp54qh0000gn/T/chromatic--62240-9t1plKWX1RBf/assets/iframe-33fe36f8.js                             4.92 kB │ gzip:   1.72 kB │ map:     5.63 kB
../../../../../../var/folders/f7/97047k1s2xl8rmkx3cgp54qh0000gn/T/chromatic--62240-9t1plKWX1RBf/assets/index-f1f749bf.js                              7.25 kB │ gzip:   2.96 kB │ map:    15.74 kB
../../../../../../var/folders/f7/97047k1s2xl8rmkx3cgp54qh0000gn/T/chromatic--62240-9t1plKWX1RBf/assets/preview-62235626.js                            7.69 kB │ gzip:   1.60 kB │ map:    13.75 kB
../../../../../../var/folders/f7/97047k1s2xl8rmkx3cgp54qh0000gn/T/chromatic--62240-9t1plKWX1RBf/assets/preview-e6f1f377.js                            7.97 kB │ gzip:   3.03 kB │ map:    28.23 kB
../../../../../../var/folders/f7/97047k1s2xl8rmkx3cgp54qh0000gn/T/chromatic--62240-9t1plKWX1RBf/assets/index-078d3f98.js                             10.06 kB │ gzip:   3.66 kB │ map:    26.50 kB
../../../../../../var/folders/f7/97047k1s2xl8rmkx3cgp54qh0000gn/T/chromatic--62240-9t1plKWX1RBf/assets/GlobalScrollAreaStyles-XIHNDKUY-32f00eed.js   10.53 kB │ gzip:   2.40 kB │ map:    15.73 kB
../../../../../../var/folders/f7/97047k1s2xl8rmkx3cgp54qh0000gn/T/chromatic--62240-9t1plKWX1RBf/assets/preview-8e084d2f.js                           11.13 kB │ gzip:   3.76 kB │ map:    41.82 kB
../../../../../../var/folders/f7/97047k1s2xl8rmkx3cgp54qh0000gn/T/chromatic--62240-9t1plKWX1RBf/assets/Color-3YIJY6X7-f1bccbf7.js                    31.11 kB │ gzip:  11.69 kB │ map:   112.76 kB
../../../../../../var/folders/f7/97047k1s2xl8rmkx3cgp54qh0000gn/T/chromatic--62240-9t1plKWX1RBf/assets/TaskList.stories-2a591bcb.js                  40.25 kB │ gzip:  13.92 kB │ map:   235.86 kB
../../../../../../var/folders/f7/97047k1s2xl8rmkx3cgp54qh0000gn/T/chromatic--62240-9t1plKWX1RBf/assets/OverlayScrollbars-VAV6LJAB-526a14e1.js        59.11 kB │ gzip:  25.35 kB │ map:   277.23 kB
../../../../../../var/folders/f7/97047k1s2xl8rmkx3cgp54qh0000gn/T/chromatic--62240-9t1plKWX1RBf/assets/_getPrototype-ad889add.js                     78.82 kB │ gzip:  23.65 kB │ map:   329.04 kB
../../../../../../var/folders/f7/97047k1s2xl8rmkx3cgp54qh0000gn/T/chromatic--62240-9t1plKWX1RBf/assets/index-96c5f47c.js                            134.19 kB │ gzip:  43.27 kB │ map:   326.80 kB
../../../../../../var/folders/f7/97047k1s2xl8rmkx3cgp54qh0000gn/T/chromatic--62240-9t1plKWX1RBf/assets/config-c5897f1e.js                           213.66 kB │ gzip:  66.39 kB │ map:   803.46 kB
../../../../../../var/folders/f7/97047k1s2xl8rmkx3cgp54qh0000gn/T/chromatic--62240-9t1plKWX1RBf/assets/InboxScreen.stories-5ef88cfa.js              258.23 kB │ gzip:  60.67 kB │ map:   928.87 kB
../../../../../../var/folders/f7/97047k1s2xl8rmkx3cgp54qh0000gn/T/chromatic--62240-9t1plKWX1RBf/assets/index-32fa39f7.js                            337.19 kB │ gzip:  99.37 kB │ map: 1,436.64 kB
../../../../../../var/folders/f7/97047k1s2xl8rmkx3cgp54qh0000gn/T/chromatic--62240-9t1plKWX1RBf/assets/DocsRenderer-7FRJXR4N-2f6bf3fb.js            504.82 kB │ gzip: 166.15 kB │ map: 1,437.92 kB
../../../../../../var/folders/f7/97047k1s2xl8rmkx3cgp54qh0000gn/T/chromatic--62240-9t1plKWX1RBf/assets/axe-41d76881.js                              535.59 kB │ gzip: 146.90 kB │ map: 1,918.44 kB
../../../../../../var/folders/f7/97047k1s2xl8rmkx3cgp54qh0000gn/T/chromatic--62240-9t1plKWX1RBf/assets/formatter-S4K5WUZV-6b5ce2d9.js               601.76 kB │ gzip: 185.09 kB │ map: 1,315.99 kB

(!) Some chunks are larger than 500 kBs after minification. Consider:
- Using dynamic import() to code-split the application
- Use build.rollupOptions.output.manualChunks to improve chunking: https://rollupjs.org/configuration-options/#output-manualchunks
- Adjust chunk size limit for this warning via build.chunkSizeWarningLimit.
✓ built in 6.18s
info => Output directory: /var/folders/f7/97047k1s2xl8rmkx3cgp54qh0000gn/T/chromatic--62240-9t1plKWX1RBf
